2024-10-24T13:31:33.910Z [info]: Server running on port 5000
2024-10-24T15:24:57.547Z [info]: Server running on port 5000
2024-10-24T15:38:10.764Z [info]: POST /api/auth/register 500 - 2060ms
2024-10-24T15:40:34.005Z [info]: POST /api/auth/register 500 - 854ms
2024-10-24T16:07:52.805Z [info]: Server running on port 5000
2024-10-24T16:08:57.447Z [info]: POST /api/auth/register 201 - 1113ms
2024-10-24T16:15:56.152Z [info]: POST /api/auth/register 400 - 462ms
2024-10-24T16:23:25.951Z [info]: POST /api/auth/login 500 - 685ms
2024-10-24T16:23:41.700Z [info]: POST /api/auth/register 400 - 443ms
2024-10-24T16:24:11.249Z [info]: POST /api/auth/login 400 - 448ms
2024-10-24T16:24:20.747Z [info]: POST /api/auth/login 500 - 581ms
2024-10-24T16:30:24.597Z [info]: Server running on port 5000
2024-10-24T16:31:32.173Z [info]: POST /api/auth/register 400 - 445ms
2024-10-24T16:31:40.546Z [info]: POST /api/auth/login 500 - 528ms
2024-10-24T16:35:05.402Z [info]: Server running on port 5000
2024-10-24T16:40:35.003Z [info]: POST /api/auth/register 400 - 460ms
2024-10-24T16:40:43.115Z [info]: POST /api/auth/login 500 - 537ms
2024-10-24T16:42:31.760Z [info]: Server running on port 5000
2024-10-24T16:44:42.146Z [info]: POST /api/auth/login 200 - 618ms
2024-10-24T16:47:38.258Z [info]: POST /api/resumes/upload 500 - 3625ms
2024-10-24T16:51:28.793Z [info]: POST /api/resumes/upload 500 - 5924ms
2024-10-24T16:51:46.467Z [info]: POST /api/auth/login 200 - 587ms
2024-10-24T16:58:04.058Z [info]: Server running on port 5000
2024-10-24T17:01:34.034Z [info]: POST /api/resumes/upload 500 - 5407ms
2024-10-24T17:22:25.216Z [info]: Server running on port 5000
2024-10-24T17:22:46.140Z [info]: POST /api/auth/register 400 - 435ms
2024-10-24T17:22:53.597Z [info]: POST /api/auth/login 200 - 519ms
2024-10-24T17:22:59.278Z [info]: POST /api/auth/login 200 - 515ms
2024-10-24T17:23:26.361Z [info]: POST /api/resumes/upload 201 - 7304ms
2024-10-24T17:25:25.677Z [info]: Server running on port 5000
2024-10-24T17:30:54.809Z [info]: Server running on port 5000
2024-10-24T17:38:27.290Z [info]: POST /api/resumes/upload 201 - 12728ms
2024-10-24T17:43:42.423Z [info]: POST /api/comments/add 201 - 1390ms
2024-10-24T17:45:06.966Z [info]: GET /api/comments/671a874df338968125fb0245 404 - 450ms
2024-10-24T17:45:30.651Z [info]: GET /api/comments/671a8612f338968125fb0242 200 - 937ms
2024-10-25T15:16:30.363Z [info]: Server running on port 5000
2024-10-25T15:16:42.229Z [info]: MongoDB Connected: resumefeedback-shard-00-01.xmgix.mongodb.net
2024-10-25T15:19:30.943Z [info]: POST /api/auth/login 200 - 576ms
2024-10-25T15:19:50.764Z [info]: GET /api/comments/671a8612f338968125fb0242 200 - 890ms
2024-10-25T15:20:27.245Z [info]: POST /api/comments/add 401 - 3ms
2024-10-25T15:20:39.364Z [info]: POST /api/auth/register 400 - 456ms
2024-10-25T15:23:50.613Z [info]: POST /api/auth/register 400 - 416ms
2024-10-25T15:24:15.770Z [info]: POST /api/auth/register 201 - 1028ms
2024-10-25T15:28:57.111Z [info]: Server running on port 5000
2024-10-25T15:28:57.136Z [info]: MongoDB Connected: localhost
2024-10-25T15:29:29.932Z [info]: POST /api/auth/register 201 - 119ms
2024-10-25T15:30:47.796Z [info]: POST /api/auth/login 200 - 110ms
2024-10-25T15:31:01.285Z [info]: POST /api/resumes/upload 401 - 3ms
2024-10-25T15:33:04.693Z [error]: Error uploading resume: Resume validation failed: format: `PDF` is not a valid enum value for path `format`.
2024-10-25T15:33:04.695Z [info]: POST /api/resumes/upload 500 - 5128ms
2024-10-25T15:33:51.990Z [info]: POST /api/resumes/upload 201 - 4958ms
2024-10-25T15:38:24.627Z [info]: POST /api/comments/add 401 - 7ms
2024-10-25T15:38:42.332Z [info]: POST /api/comments/add 201 - 28ms
2024-10-25T15:45:31.262Z [info]: Server running on port 5000
2024-10-25T15:45:37.444Z [info]: MongoDB Connected: resumefeedback-shard-00-02.xmgix.mongodb.net
2024-10-25T18:52:51.097Z [info]: Server running on port 5000
2024-10-25T18:52:51.229Z [info]: MongoDB Connected: localhost
2024-10-25T18:52:57.310Z [info]: GET /api/resumes 404 - 9ms
2024-10-25T18:55:31.390Z [info]: GET /api/resumes 404 - 5ms
2024-10-25T18:55:41.558Z [info]: GET /api/comments/671a8612f338968125fb0242 404 - 96ms
2024-10-25T19:08:16.278Z [info]: Server running on port 5000
2024-10-25T19:08:16.323Z [info]: MongoDB Connected: localhost
2024-10-25T19:08:28.296Z [info]: GET /api/resumes/671bba5f4cec170def84dea5 401 - 4ms
2024-10-25T19:08:36.373Z [info]: POST /api/auth/login 200 - 147ms
2024-10-25T19:09:03.913Z [info]: GET /api/resumes/671bba5f4cec170def84dea5 200 - 35ms
2024-10-25T19:14:48.463Z [info]: Server running on port 5000
2024-10-25T19:14:48.510Z [info]: MongoDB Connected: localhost
2024-10-25T19:15:17.530Z [info]: GET /api/resumes 401 - 4ms
2024-10-25T19:15:51.074Z [info]: GET /api/resumes 200 - 47ms
2024-10-25T19:16:41.517Z [info]: GET /resumes?page=1&limit=5 404 - 2ms
2024-10-25T19:16:53.457Z [info]: GET /api/resumes?page=1&limit=5 200 - 14ms
